{
  "Cucumber Features": {
    "coverage": {
      "/home/ec2-user/environment/hw-acceptance-unit-test-cycle/rottenpotatoes/app/models/movie.rb": [
        1,
        1,
        1,
        null,
        null,
        1,
        2,
        2,
        2,
        null,
        1,
        null,
        1,
        5,
        1,
        null,
        null,
        1,
        null,
        null
      ],
      "/home/ec2-user/environment/hw-acceptance-unit-test-cycle/rottenpotatoes/app/controllers/movies_controller.rb": [
        1,
        null,
        1,
        4,
        null,
        null,
        1,
        6,
        6,
        null,
        null,
        null,
        1,
        1,
        1,
        null,
        0,
        null,
        0,
        null,
        1,
        1,
        null,
        1,
        6,
        null,
        null,
        1,
        0,
        0,
        0,
        null,
        1,
        null,
        null,
        1,
        null,
        null,
        null,
        1,
        0,
        0,
        0,
        null,
        null,
        1,
        4,
        null,
        null,
        1,
        4,
        4,
        4,
        4,
        4,
        null,
        null,
        1,
        0,
        0,
        0,
        0,
        null,
        null,
        1,
        2,
        2,
        2,
        null,
        1,
        1,
        null,
        null,
        null,
        null
      ],
      "/home/ec2-user/environment/hw-acceptance-unit-test-cycle/rottenpotatoes/app/controllers/application_controller.rb": [
        1,
        1,
        null
      ],
      "/home/ec2-user/environment/hw-acceptance-unit-test-cycle/rottenpotatoes/app/helpers/application_helper.rb": [
        1,
        null
      ],
      "/home/ec2-user/environment/hw-acceptance-unit-test-cycle/rottenpotatoes/app/helpers/movies_helper.rb": [
        1,
        null,
        1,
        0,
        null,
        null
      ]
    },
    "timestamp": 1538700635
  },
  "RSpec": {
    "coverage": {
      "/home/ec2-user/environment/hw-acceptance-unit-test-cycle/rottenpotatoes/app/helpers/application_helper.rb": [
        1,
        null
      ],
      "/home/ec2-user/environment/hw-acceptance-unit-test-cycle/rottenpotatoes/app/helpers/movies_helper.rb": [
        1,
        null,
        1,
        0,
        null,
        null
      ],
      "/home/ec2-user/environment/hw-acceptance-unit-test-cycle/rottenpotatoes/app/controllers/movies_controller.rb": [
        1,
        null,
        1,
        0,
        null,
        null,
        1,
        0,
        0,
        null,
        null,
        null,
        1,
        1,
        1,
        null,
        0,
        null,
        0,
        null,
        1,
        1,
        null,
        1,
        6,
        null,
        null,
        1,
        0,
        0,
        0,
        null,
        1,
        null,
        null,
        1,
        null,
        null,
        null,
        1,
        0,
        0,
        0,
        null,
        null,
        1,
        0,
        null,
        null,
        1,
        0,
        0,
        0,
        0,
        0,
        null,
        null,
        1,
        1,
        1,
        1,
        1,
        null,
        null,
        1,
        2,
        2,
        2,
        null,
        1,
        1,
        null,
        null,
        null,
        null
      ],
      "/home/ec2-user/environment/hw-acceptance-unit-test-cycle/rottenpotatoes/app/controllers/application_controller.rb": [
        1,
        1,
        null
      ],
      "/home/ec2-user/environment/hw-acceptance-unit-test-cycle/rottenpotatoes/app/models/movie.rb": [
        1,
        1,
        1,
        null,
        null,
        1,
        5,
        5,
        5,
        null,
        2,
        null,
        3,
        8,
        1,
        null,
        null,
        3,
        null,
        null
      ]
    },
    "timestamp": 1538700148
  }
}
